<?xml version="1.0" encoding="UTF-8"?>
<!-- Generated by org.testng.reporters.JUnitReportReporter -->
<testsuite hostname="ravis-MacBook-Pro.local" name="twc.Automation.SmokeTestCases.somkeTestCases" tests="1" failures="0" timestamp="27 May 2016 15:58:07 GMT" time="226.505" errors="0">
  <testcase name="Verify_Ad_Present_On_NewsExtended_page" time="226.505" classname="twc.Automation.SmokeTestCases.somkeTestCases"/>
</testsuite> <!-- twc.Automation.SmokeTestCases.somkeTestCases -->
