<?xml version="1.0" encoding="UTF-8"?>
<!-- Generated by org.testng.reporters.JUnitReportReporter -->
<testsuite hostname="localhost" name="com.Custom_Parameter.run_CustomParameters" tests="1" failures="0" timestamp="29 Jun 2016 06:20:26 GMT" time="107.944" errors="0">
  <testcase name="Verify_CustomParameters" time="107.944" classname="com.Custom_Parameter.run_CustomParameters"/>
</testsuite> <!-- com.Custom_Parameter.run_CustomParameters -->
