<?xml version="1.0" encoding="UTF-8"?>
<!-- Generated by org.testng.reporters.JUnitReportReporter -->
<testsuite hostname="localhost" name="com.Functions.Smoke_Run" tests="10" failures="0" timestamp="25 May 2016 17:52:34 GMT" time="730.718" errors="0">
  <testcase name="WFXTriggers_Factuals" time="0.096" classname="com.Functions.Smoke_Run"/>
  <testcase name="setto_TestMode" time="126.248" classname="com.Functions.Smoke_Run"/>
  <testcase name="extenedDailyPage_ads" time="44.590" classname="com.Functions.Smoke_Run"/>
  <testcase name="extenedHourlyPage_ads" time="79.455" classname="com.Functions.Smoke_Run"/>
  <testcase name="ad_crwd" time="0.073" classname="com.Functions.Smoke_Run"/>
  <testcase name="WFXTriggers_cxtg" time="238.361" classname="com.Functions.Smoke_Run"/>
  <testcase name="cleanlaunch" time="95.614" classname="com.Functions.Smoke_Run"/>
  <testcase name="extenedMapPage_ads" time="43.461" classname="com.Functions.Smoke_Run"/>
  <testcase name="pullto_refresh" time="23.847" classname="com.Functions.Smoke_Run"/>
  <testcase name="extenedNewPage_ads" time="78.973" classname="com.Functions.Smoke_Run"/>
</testsuite> <!-- com.Functions.Smoke_Run -->
