<?xml version="1.0" encoding="UTF-8"?>
<!-- Generated by org.testng.reporters.JUnitReportReporter -->
<testsuite hostname="localhost" name="com.Functions.Smoke_Run" tests="11" failures="0" timestamp="27 May 2016 13:38:24 GMT" time="744.264" errors="0">
  <testcase name="extenedMapPage_ads" time="42.101" classname="com.Functions.Smoke_Run"/>
  <testcase name="extenedNewPage_ads" time="87.571" classname="com.Functions.Smoke_Run"/>
  <testcase name="WFXTriggers_Factuals" time="44.691" classname="com.Functions.Smoke_Run"/>
  <testcase name="cleanlaunch" time="75.362" classname="com.Functions.Smoke_Run"/>
  <testcase name="pullto_refresh" time="22.715" classname="com.Functions.Smoke_Run"/>
  <testcase name="ad_crwd" time="0.206" classname="com.Functions.Smoke_Run"/>
  <testcase name="extenedHourlyPage_ads" time="72.233" classname="com.Functions.Smoke_Run"/>
  <testcase name="setto_TestMode" time="138.850" classname="com.Functions.Smoke_Run"/>
  <testcase name="ThirdParty_beacons" time="0.081" classname="com.Functions.Smoke_Run"/>
  <testcase name="WFXTriggers_cxtg" time="214.720" classname="com.Functions.Smoke_Run"/>
  <testcase name="extenedDailyPage_ads" time="45.734" classname="com.Functions.Smoke_Run"/>
</testsuite> <!-- com.Functions.Smoke_Run -->
