<?xml version="1.0" encoding="UTF-8"?>
<!-- Generated by org.testng.reporters.JUnitReportReporter -->
<testsuite hostname="localhost" name="com.Custom_Parameter.run_CustomParameters" tests="1" failures="0" timestamp="14 Jun 2016 11:49:27 GMT" time="743.052" errors="0">
  <testcase name="Verify_CustomParameters" time="743.052" classname="com.Custom_Parameter.run_CustomParameters"/>
</testsuite> <!-- com.Custom_Parameter.run_CustomParameters -->
